c:\final\run\run\x64\debug\vc143.pdb
c:\final\run\run\x64\debug\vc143.idb
c:\final\run\run\x64\debug\update.obj
c:\final\run\run\x64\debug\run.obj
c:\final\run\run\x64\debug\inputdispatcher.obj
c:\final\run\run\x64\debug\graphics.obj
c:\final\run\run\x64\debug\gameobject.obj
c:\final\run\run\x64\debug\factory.obj
c:\final\run\run\x64\debug\component.obj
c:\final\run\run\x64\debug\soundengine.obj
c:\final\run\run\x64\debug\playerupdate.obj
c:\final\run\run\x64\debug\playergraphics.obj
c:\final\run\run\x64\debug\levelupdate.obj
c:\final\run\run\x64\debug\raingraphics.obj
c:\final\run\run\x64\debug\platformupdate.obj
c:\final\run\run\x64\debug\platformgraphics.obj
c:\final\run\run\x64\debug\menuupdate.obj
c:\final\run\run\x64\debug\menugraphics.obj
c:\final\run\run\x64\debug\fireballupdate.obj
c:\final\run\run\x64\debug\fireballgraphics.obj
c:\final\run\run\x64\debug\animator.obj
c:\final\run\x64\debug\run.exe
c:\final\run\x64\debug\run.pdb
c:\final\run\run\x64\debug\run.ilk
c:\final\run\run\x64\debug\cameragraphics.obj
c:\final\run\run\x64\debug\cameraupdate.obj
c:\final\run\run\x64\debug\inputreceiver.obj
c:\final\run\run\x64\debug\run.tlog\cl.command.1.tlog
c:\final\run\run\x64\debug\run.tlog\cl.items.tlog
c:\final\run\run\x64\debug\run.tlog\cl.read.1.tlog
c:\final\run\run\x64\debug\run.tlog\cl.write.1.tlog
c:\final\run\run\x64\debug\run.tlog\link.command.1.tlog
c:\final\run\run\x64\debug\run.tlog\link.read.1.tlog
c:\final\run\run\x64\debug\run.tlog\link.secondary.1.tlog
c:\final\run\run\x64\debug\run.tlog\link.write.1.tlog
